2012-02-04T18:22:55 Checking update-file '/usr/share/apps/kconf_update/kopete-nameTracking.upd' for new updates
2012-02-04T18:22:55 kopete-nameTracking.upd: Found new update 'kopete0.9/r1'
2012-02-04T18:22:55 kopete-nameTracking.upd:3:'Script=kopete-nameTracking-kconf_update': Script 'kopete-nameTracking-kconf_update' not found
2012-02-04T18:22:55 Checking update-file '/usr/share/apps/kconf_update/mouse_cursor_theme.upd' for new updates
2012-02-04T18:22:55 mouse_cursor_theme.upd: Found new update 'kde3.4.99'
2012-02-04T18:22:55 mouse_cursor_theme.upd: File 'kdeglobals' does not exist or empty, skipping
2012-02-04T18:22:55 Checking update-file '/usr/share/apps/kconf_update/kwinupdatewindowsettings.upd' for new updates
2012-02-04T18:22:55 kwinupdatewindowsettings.upd: Found new update 'kde33b1'
2012-02-04T18:22:55 kwinupdatewindowsettings.upd: Running script 'kwin_update_window_settings'
2012-02-04T18:22:55 [Script] QDBusConnection: session D-Bus connection created before QCoreApplication. Application may misbehave.
2012-02-04T18:22:55 Checking update-file '/usr/share/apps/kconf_update/plasma-to-plasmadesktop-shortcuts.upd' for new updates
2012-02-04T18:22:55 plasma-to-plasmadesktop-shortcuts.upd: Found new update '4.3plasma-desktop-shortcuts'
2012-02-04T18:22:55 plasma-to-plasmadesktop-shortcuts.upd: File 'kglobalshortcutsrc' does not exist or empty, skipping
2012-02-04T18:22:55 Checking update-file '/usr/share/apps/kconf_update/krdb_libpathwipe.upd' for new updates
2012-02-04T18:22:55 krdb_libpathwipe.upd: Found new update 'LibraryPathWipeOut'
2012-02-04T18:22:55 krdb_libpathwipe.upd: Running script 'krdb_clearlibrarypath'
2012-02-04T18:22:55 Checking update-file '/usr/share/apps/kconf_update/kopete-jabberproxytype-kconf_update.upd' for new updates
2012-02-04T18:22:55 kopete-jabberproxytype-kconf_update.upd: Found new update 'kopete0.9/r1'
2012-02-04T18:22:55 kopete-jabberproxytype-kconf_update.upd: Running script 'kopete-jabberproxytype-kconf_update.sh'
2012-02-04T18:22:55 Checking update-file '/usr/share/apps/kconf_update/kwin3_plugin.upd' for new updates
2012-02-04T18:22:55 kwin3_plugin.upd: Found new update 'kde3.2'
2012-02-04T18:22:55 kwin3_plugin.upd: File 'kwinrc' does not exist or empty, skipping
2012-02-04T18:22:55 Checking update-file '/usr/share/apps/kconf_update/klipper-kconfigxt.upd' for new updates
2012-02-04T18:22:55 klipper-kconfigxt.upd: Found new update 'KlipperNoSpacesInKeyNames'
2012-02-04T18:22:55 klipper-kconfigxt.upd: File 'klipperrc' does not exist or empty, skipping
2012-02-04T18:22:55 Checking update-file '/usr/share/apps/kconf_update/kcalcrc.upd' for new updates
2012-02-04T18:22:55 kcalcrc.upd: Found new update 'KDE_3_2_0'
2012-02-04T18:22:55 kcalcrc.upd: File 'kcalcrc' does not exist or empty, skipping
2012-02-04T18:22:55 kcalcrc.upd: Found new update 'KDE_4_3_0'
2012-02-04T18:22:55 kcalcrc.upd: File 'kcalcrc' does not exist or empty, skipping
2012-02-04T18:22:55 Checking update-file '/usr/share/apps/kconf_update/amarok.upd' for new updates
2012-02-04T18:22:55 amarok.upd: Found new update '1'
2012-02-04T18:22:55 amarok.upd: File 'amarokrc' does not exist or empty, skipping
2012-02-04T18:22:55 Checking update-file '/usr/share/apps/kconf_update/favicons.upd' for new updates
2012-02-04T18:22:55 favicons.upd: Found new update 'kde3_2'
2012-02-04T18:22:55 favicons.upd: Running script 'move_favicons.sh'
2012-02-04T18:22:55 Checking update-file '/usr/share/apps/kconf_update/kwin_focus2.upd' for new updates
2012-02-04T18:22:55 kwin_focus2.upd: Found new update 'kwin_focus2'
2012-02-04T18:22:55 kwin_focus2.upd: File 'kwinrc' does not exist or empty, skipping
2012-02-04T18:22:55 Checking update-file '/usr/share/apps/kconf_update/plasma-add-shortcut-to-menu.upd' for new updates
2012-02-04T18:22:55 plasma-add-shortcut-to-menu.upd: Found new update '4.1LauncherShortcut'
2012-02-04T18:22:55 plasma-add-shortcut-to-menu.upd:2:'Script=plasma-add-shortcut-to-menu-update': Script 'plasma-add-shortcut-to-menu-update' not found
2012-02-04T18:22:55 Checking update-file '/usr/share/apps/kconf_update/kaccel.upd' for new updates
2012-02-04T18:22:55 kaccel.upd: Found new update 'kde3.3/r1'
2012-02-04T18:22:55 kaccel.upd: File 'kdeglobals' does not exist or empty, skipping
2012-02-04T18:22:55 Checking update-file '/usr/share/apps/kconf_update/kwin_window_shortcuts.upd' for new updates
2012-02-04T18:22:55 kwin_window_shortcuts.upd: Found new update 'kde414'
2012-02-04T18:22:55 kwin_window_shortcuts.upd: File 'kglobalshortcutsrc' does not exist or empty, skipping
2012-02-04T18:22:55 Checking update-file '/usr/share/apps/kconf_update/kio_help.upd' for new updates
2012-02-04T18:22:55 kio_help.upd: Found new update 'kde3_2'
2012-02-04T18:22:55 kio_help.upd: Running script 'move_kio_help_cache.sh'
2012-02-04T18:22:55 [Script] mv: cannot stat `/home/live/.kde4/share/apps/kio_help/cache': No such file or directory
2012-02-04T18:22:55 [Script] rmdir: failed to remove `/home/live/.kde4/share/apps/kio_help': No such file or directory
2012-02-04T18:22:55 Checking update-file '/usr/share/apps/kconf_update/kopete-initialstatus.upd' for new updates
2012-02-04T18:22:55 kopete-initialstatus.upd: Found new update 'kopete0.60.80/r1'
2012-02-04T18:22:55 kopete-initialstatus.upd: Running script 'kopete-initialstatus.pl'
2012-02-04T18:22:55 kopete-initialstatus.upd: Script removes kopeterc:Behavior:autoConnect
2012-02-04T18:22:55 Checking update-file '/usr/share/apps/kconf_update/kmail.upd' for new updates
2012-02-04T18:22:55 kmail.upd: Found new update '1'
2012-02-04T18:22:55 kmail.upd: File 'kmail2rc' does not exist or empty, skipping
2012-02-04T18:22:55 kmail.upd: Found new update '4'
2012-02-04T18:22:55 kmail.upd: File 'kmail2rc' does not exist or empty, skipping
2012-02-04T18:22:55 kmail.upd: Found new update '5'
2012-02-04T18:22:55 kmail.upd: File 'kmail2rc' does not exist or empty, skipping
2012-02-04T18:22:55 kmail.upd: File 'kpgprc' does not exist or empty, skipping
2012-02-04T18:22:55 kmail.upd: Found new update '6'
2012-02-04T18:22:55 kmail.upd: File 'kmail2rc' does not exist or empty, skipping
2012-02-04T18:22:55 kmail.upd: Found new update '7'
2012-02-04T18:22:55 kmail.upd: File 'kmail2rc' does not exist or empty, skipping
2012-02-04T18:22:55 kmail.upd: Found new update '8'
2012-02-04T18:22:55 kmail.upd: File 'kmail2rc' does not exist or empty, skipping
2012-02-04T18:22:55 kmail.upd: Found new update '9'
2012-02-04T18:22:55 kmail.upd: File 'kmail2rc' does not exist or empty, skipping
2012-02-04T18:22:55 kmail.upd: Found new update '3.1-update-identities'
2012-02-04T18:22:55 kmail.upd: File 'kmail2rc' does not exist or empty, skipping
2012-02-04T18:22:55 kmail.upd: Found new update '3.1-use-identity-uoids'
2012-02-04T18:22:55 kmail.upd: File 'kmail2rc' does not exist or empty, skipping
2012-02-04T18:22:55 kmail.upd: Found new update '3.1-new-mail-notification'
2012-02-04T18:22:55 kmail.upd: File 'kmail2rc' does not exist or empty, skipping
2012-02-04T18:22:55 kmail.upd: Found new update '3.2-update-loop-on-goto-unread-settings'
2012-02-04T18:22:55 kmail.upd: File 'kmail2rc' does not exist or empty, skipping
2012-02-04T18:22:55 kmail.upd: Found new update '3.1.4-dont-use-UOID-0-for-any-identity'
2012-02-04T18:22:55 kmail.upd: File 'kmail2rc' does not exist or empty, skipping
2012-02-04T18:22:55 kmail.upd: Found new update '3.2-misc'
2012-02-04T18:22:55 kmail.upd: File 'kmail2rc' does not exist or empty, skipping
2012-02-04T18:22:55 kmail.upd: Found new update '3.2-moves'
2012-02-04T18:22:55 kmail.upd: File 'kmail2rc' does not exist or empty, skipping
2012-02-04T18:22:55 kmail.upd: Found new update '3.3-use-ID-for-accounts'
2012-02-04T18:22:55 kmail.upd: File 'kmail2rc' does not exist or empty, skipping
2012-02-04T18:22:55 kmail.upd: Found new update '3.3-update-filter-rules'
2012-02-04T18:22:55 kmail.upd: File 'kmail2rc' does not exist or empty, skipping
2012-02-04T18:22:55 kmail.upd: Found new update '3.3-move-identities-to-own-file'
2012-02-04T18:22:55 kmail.upd: File 'kmail2rc' does not exist or empty, skipping
2012-02-04T18:22:55 kmail.upd: Found new update '3.3-aegypten-kpgprc-to-kmailrc'
2012-02-04T18:22:55 kmail.upd: File 'kpgprc' does not exist or empty, skipping
2012-02-04T18:22:55 kmail.upd: Found new update '3.3-aegypten-kpgprc-to-libkleopatrarc'
2012-02-04T18:22:55 kmail.upd: File 'kpgprc' does not exist or empty, skipping
2012-02-04T18:22:55 kmail.upd: Found new update '3.3-aegypten-emailidentities-split-sign-encr-keys'
2012-02-04T18:22:55 kmail.upd: File 'emailidentities' does not exist or empty, skipping
2012-02-04T18:22:55 kmail.upd: Found new update '3.3-misc'
2012-02-04T18:22:55 kmail.upd: File 'kmail2rc' does not exist or empty, skipping
2012-02-04T18:22:55 kmail.upd: Found new update '3.3b1-misc'
2012-02-04T18:22:55 kmail.upd: File 'kmail2rc' does not exist or empty, skipping
2012-02-04T18:22:55 kmail.upd: Found new update '3.4'
2012-02-04T18:22:55 kmail.upd: File 'kmail2rc' does not exist or empty, skipping
2012-02-04T18:22:55 kmail.upd: Found new update '3.4a'
2012-02-04T18:22:55 kmail.upd: File 'kmail2rc' does not exist or empty, skipping
2012-02-04T18:22:55 kmail.upd: Found new update '3.4b'
2012-02-04T18:22:55 kmail.upd: File 'kmail2rc' does not exist or empty, skipping
2012-02-04T18:22:55 kmail.upd: Found new update '3.4.1'
2012-02-04T18:22:55 kmail.upd: File 'kmail2rc' does not exist or empty, skipping
2012-02-04T18:22:55 kmail.upd: Found new update '3.5.4'
2012-02-04T18:22:55 kmail.upd: File 'kmail2rc' does not exist or empty, skipping
2012-02-04T18:22:55 kmail.upd: Found new update '3.5.7-imap-flag-migration'
2012-02-04T18:22:55 kmail.upd: File 'kmail2rc' does not exist or empty, skipping
2012-02-04T18:22:55 kmail.upd: Found new update '4.0-misc'
2012-02-04T18:22:55 kmail.upd: File 'kmail2rc' does not exist or empty, skipping
2012-02-04T18:22:55 kmail.upd: Found new update '4.2'
2012-02-04T18:22:55 kmail.upd: File 'kmail2rc' does not exist or empty, skipping
2012-02-04T18:22:55 kmail.upd: Found new update '4.4-akonadi'
2012-02-04T18:22:55 kmail.upd: File 'kmail2rc' does not exist or empty, skipping
2012-02-04T18:22:55 Checking update-file '/usr/share/apps/kconf_update/kopete-jabberpriorityaddition-kconf_update.upd' for new updates
2012-02-04T18:22:55 kopete-jabberpriorityaddition-kconf_update.upd: Found new update 'kopete0.9/r1'
2012-02-04T18:22:55 kopete-jabberpriorityaddition-kconf_update.upd: Running script 'kopete-jabberpriorityaddition-kconf_update.sh'
2012-02-04T18:22:55 Checking update-file '/usr/share/apps/kconf_update/ksmserver.upd' for new updates
2012-02-04T18:22:55 ksmserver.upd: Found new update 'kde3'
2012-02-04T18:22:55 ksmserver.upd: File 'ksmserverrc' does not exist or empty, skipping
2012-02-04T18:22:55 Checking update-file '/usr/share/apps/kconf_update/kpgp.upd' for new updates
2012-02-04T18:22:55 kpgp.upd: Found new update 'preKDE3_a'
2012-02-04T18:22:55 kpgp.upd: File 'kpgprc' does not exist or empty, skipping
2012-02-04T18:22:55 kpgp.upd: Found new update '3.1-1'
2012-02-04T18:22:55 kpgp.upd: File 'kpgprc' does not exist or empty, skipping
2012-02-04T18:22:55 Checking update-file '/usr/share/apps/kconf_update/ksmserver_shortcuts.upd' for new updates
2012-02-04T18:22:55 ksmserver_shortcuts.upd: Found new update 'kde45'
2012-02-04T18:22:55 ksmserver_shortcuts.upd: File 'kglobalshortcutsrc' does not exist or empty, skipping
2012-02-04T18:22:55 Checking update-file '/usr/share/apps/kconf_update/kopete-pluginloader2.upd' for new updates
2012-02-04T18:22:55 kopete-pluginloader2.upd: Found new update 'kopete0.8/r1'
2012-02-04T18:22:55 kopete-pluginloader2.upd: Running script 'kopete-pluginloader2.sh'
2012-02-04T18:22:55 [Script] /usr/share/apps/kconf_update/kopete-pluginloader2.sh: line 9: kde-config: command not found
2012-02-04T18:22:55 Checking update-file '/usr/share/apps/kconf_update/kwin_focus1.upd' for new updates
2012-02-04T18:22:55 kwin_focus1.upd: Found new update 'kwin_focus1'
2012-02-04T18:22:55 kwin_focus1.upd: File 'kwinrc' does not exist or empty, skipping
2012-02-04T18:22:55 Checking update-file '/usr/share/apps/kconf_update/kopete-pluginloader.upd' for new updates
2012-02-04T18:22:55 kopete-pluginloader.upd: Found new update 'kopete0.7/r1'
2012-02-04T18:22:55 kopete-pluginloader.upd: Running script 'kopete-pluginloader.pl'
2012-02-04T18:22:55 kopete-pluginloader.upd: Script removes kopeterc::Modules
2012-02-04T18:22:55 Checking update-file '/usr/share/apps/kconf_update/kwin.upd' for new updates
2012-02-04T18:22:55 kwin.upd: Found new update 'kde3.0r1'
2012-02-04T18:22:55 kwin.upd: File 'kwinrc' does not exist or empty, skipping
2012-02-04T18:22:55 kwin.upd: Found new update 'kde3.2Xinerama'
2012-02-04T18:22:55 kwin.upd: File 'kwinrc' does not exist or empty, skipping
2012-02-04T18:22:55 Checking update-file '/usr/share/apps/kconf_update/kded.upd' for new updates
2012-02-04T18:22:55 kded.upd: Found new update 'kde3.0'
2012-02-04T18:22:55 kded.upd: File 'kdedrc' does not exist or empty, skipping
2012-02-04T18:22:55 Checking update-file '/usr/share/apps/kconf_update/kwin_update_tabbox_qml_settings.upd' for new updates
2012-02-04T18:22:55 kwin_update_tabbox_qml_settings.upd: Found new update 'Kwin-4.8'
2012-02-04T18:22:55 kwin_update_tabbox_qml_settings.upd: Running script 'kwin_update_tabbox_qml_settings'
2012-02-04T18:22:55 [Script] QDBusConnection: session D-Bus connection created before QCoreApplication. Application may misbehave.
2012-02-04T18:22:55 Checking update-file '/usr/share/apps/kconf_update/kwin_remove_delay_focus.upd' for new updates
2012-02-04T18:22:55 kwin_remove_delay_focus.upd: Found new update 'Kwin-4.8'
2012-02-04T18:22:55 kwin_remove_delay_focus.upd: Running script 'kwin_remove_delay_focus.sh'
2012-02-04T18:22:55 Checking update-file '/usr/share/apps/kconf_update/kopete-account-kconf_update.upd' for new updates
2012-02-04T18:22:55 kopete-account-kconf_update.upd: Found new update 'kopete0.7/r1'
2012-02-04T18:22:55 kopete-account-kconf_update.upd: Running script 'kopete-account-kconf_update.sh'
2012-02-04T18:22:55 [Script] /usr/share/apps/kconf_update/kopete-account-kconf_update.sh: line 9: kde-config: command not found
2012-02-04T18:22:55 kopete-account-kconf_update.upd: Found new update 'kopete0.10/r1'
2012-02-04T18:22:55 kopete-account-kconf_update.upd: Running script 'kopete-account-0.10.pl'
2012-02-04T18:22:55 Checking update-file '/usr/share/apps/kconf_update/kopete-update_yahoo_server.upd' for new updates
2012-02-04T18:22:55 kopete-update_yahoo_server.upd: Found new update 'kopete-update-yahoo-server/r1'
2012-02-04T18:22:55 kopete-update_yahoo_server.upd: Running script 'kopete-update_yahoo_server.pl'
2012-02-04T18:22:55 Checking update-file '/usr/share/apps/kconf_update/kcmcddb-emailsettings.upd' for new updates
2012-02-04T18:22:55 kcmcddb-emailsettings.upd: Found new update 'kcmcddb_emailsettings'
2012-02-04T18:22:55 kcmcddb-emailsettings.upd: File 'kcmcddbrc' does not exist or empty, skipping
2012-02-04T18:22:55 Checking update-file '/usr/share/apps/kconf_update/plasmarc-to-plasmadesktoprc.upd' for new updates
2012-02-04T18:22:55 plasmarc-to-plasmadesktoprc.upd: Found new update '4.3plasma-desktop'
2012-02-04T18:22:55 plasmarc-to-plasmadesktoprc.upd: Running script 'plasma-to-plasma-desktop'
2012-02-04T18:22:55 Checking update-file '/usr/share/apps/kconf_update/mailfilteragent.upd' for new updates
2012-02-04T18:22:55 mailfilteragent.upd: Found new update 'initial-mailfilteragent-migration'
2012-02-04T18:22:55 mailfilteragent.upd: File 'kmail2rc' does not exist or empty, skipping
2012-02-04T18:22:55 Checking update-file '/usr/share/apps/kconf_update/ksslcertificatemanager.upd' for new updates
2012-02-04T18:22:55 ksslcertificatemanager.upd: Found new update 'kde4.2'
2012-02-04T18:22:55 ksslcertificatemanager.upd: Running script 'ksslcertificatemanager.upd.sh'
2012-02-04T18:22:55 [Script] rm: cannot remove `/home/live/.kde4//share/config/ksslcertificatemanager': No such file or directory
2012-02-04T18:22:55 ksslcertificatemanager.upd: !! An error occurred while running 'sh /usr/share/apps/kconf_update/ksslcertificatemanager.upd.sh'
2012-02-04T18:22:55 Checking update-file '/usr/share/apps/kconf_update/kcookiescfg.upd' for new updates
2012-02-04T18:22:55 kcookiescfg.upd: Found new update 'kde2.2/b1'
2012-02-04T18:22:55 kcookiescfg.upd: File 'kcookiejarrc' does not exist or empty, skipping
2012-02-04T18:22:55 kcookiescfg.upd: Found new update 'kde3.1/cvs'
2012-02-04T18:22:55 kcookiescfg.upd: File 'kcookiejarrc' does not exist or empty, skipping
2012-02-04T18:22:55 Checking update-file '/usr/share/apps/kconf_update/kwin_remove_effects.upd' for new updates
2012-02-04T18:22:55 kwin_remove_effects.upd: Found new update 'kwin4.7_effects'
2012-02-04T18:22:55 Checking update-file '/usr/share/apps/kconf_update/kwiniconify.upd' for new updates
2012-02-04T18:22:55 kwiniconify.upd: Found new update 'iconifyupd3.1'
2012-02-04T18:22:55 kwiniconify.upd: File 'kwin.eventsrc' does not exist or empty, skipping
2012-02-04T18:22:55 Checking update-file '/usr/share/apps/kconf_update/audiocd.upd' for new updates
2012-02-04T18:22:55 audiocd.upd: Found new update '1'
2012-02-04T18:22:55 audiocd.upd: File 'kcmaudiocdrc' does not exist or empty, skipping
2012-02-04T18:22:55 Checking update-file '/usr/share/apps/kconf_update/mailtransports.upd' for new updates
2012-02-04T18:22:55 mailtransports.upd: Found new update 'initial-kmail-migration'
2012-02-04T18:22:55 mailtransports.upd: File 'kmailrc' does not exist or empty, skipping
2012-02-04T18:22:55 mailtransports.upd: Found new update 'initial-knode-migration'
2012-02-04T18:22:55 mailtransports.upd: File 'knoderc' does not exist or empty, skipping
2012-02-04T18:22:55 Checking update-file '/usr/share/apps/kconf_update/kuriikwsfilter.upd' for new updates
2012-02-04T18:22:55 kuriikwsfilter.upd: Found new update 'post-kde3.1/cvs'
2012-02-04T18:22:55 kuriikwsfilter.upd: File 'kuriikwsfilterrc' does not exist or empty, skipping
2012-02-04T18:22:55 Checking update-file '/usr/share/apps/kconf_update/kwin_fsp_workarounds_1.upd' for new updates
2012-02-04T18:22:55 kwin_fsp_workarounds_1.upd: Found new update 'kde351'
2012-02-04T18:22:55 kwin_fsp_workarounds_1.upd: Running script 'kwin_update_default_rules' with arguments 'fsp_workarounds_1.kwinrules'
2012-02-04T18:22:55 [Script] QDBusConnection: session D-Bus connection created before QCoreApplication. Application may misbehave.
2012-02-04T18:22:55 Checking update-file '/usr/share/apps/kconf_update/kopete-update_icq_server.upd' for new updates
2012-02-04T18:22:55 kopete-update_icq_server.upd: Found new update 'kopete-update-icq-server/r1'
2012-02-04T18:22:55 kopete-update_icq_server.upd: Running script 'kopete-update_icq_server.pl'
2012-02-04T18:22:55 Checking update-file '/usr/share/apps/kconf_update/kwin_on_off.upd' for new updates
2012-02-04T18:22:55 kwin_on_off.upd: Found new update 'kwin_on_off'
2012-02-04T18:22:55 kwin_on_off.upd: Running script 'on-off_to_true-false.sh'
2012-02-04T18:22:55 Checking update-file '/usr/share/apps/kconf_update/kcmdisplayrc.upd' for new updates
2012-02-04T18:22:55 kcmdisplayrc.upd: Found new update 'kde3'
2012-02-04T18:22:55 kcmdisplayrc.upd: File 'kcmdisplayrc' does not exist or empty, skipping
2012-02-04T18:22:55 Checking update-file '/usr/share/apps/kconf_update/kcharselect.upd' for new updates
2012-02-04T18:22:55 kcharselect.upd: Found new update '1'
2012-02-04T18:22:55 kcharselect.upd: File 'kcharselectrc' does not exist or empty, skipping
2012-02-04T18:22:55 Checking update-file '/usr/share/apps/kconf_update/kopete-gaim_to_pidgin_style.upd' for new updates
2012-02-04T18:22:55 kopete-gaim_to_pidgin_style.upd: Found new update 'kopete0.70.85/r1'
2012-02-04T18:22:55 kopete-gaim_to_pidgin_style.upd: Running script 'kopete-gaim_to_pidgin_style.pl'
2012-02-04T18:22:55 Checking update-file '/usr/share/apps/kconf_update/kwin_update_tabbox_settings.upd' for new updates
2012-02-04T18:22:55 kwin_update_tabbox_settings.upd: Found new update 'Kwin-4.4'
2012-02-04T18:22:55 kwin_update_tabbox_settings.upd: Running script 'kwin_update_tabbox_settings'
2012-02-04T18:22:55 [Script] QDBusConnection: session D-Bus connection created before QCoreApplication. Application may misbehave.
2012-02-04T18:22:55 Checking update-file '/usr/share/apps/kconf_update/kwinsticky.upd' for new updates
2012-02-04T18:22:55 kwinsticky.upd: Found new update 'stickyupd3.1'
2012-02-04T18:22:55 kwinsticky.upd: File 'kwin.eventsrc' does not exist or empty, skipping
2012-02-04T18:22:55 Checking update-file '/usr/share/apps/kconf_update/devicepreference.upd' for new updates
2012-02-04T18:22:55 devicepreference.upd: Found new update 'DevicesMovedToPlatformPlugin'
2012-02-04T18:22:55 devicepreference.upd: Running script 'phonon_devicepreference_update'
2012-02-04T18:22:55 devicepreference.upd: Found new update 'DevicesUIDsChanged'
2012-02-04T18:22:55 devicepreference.upd: Running script 'phonon_deviceuids_update'
2012-02-04T18:22:55 Checking update-file '/usr/share/apps/kconf_update/kioslave.upd' for new updates
2012-02-04T18:22:55 kioslave.upd: Found new update 'kde2.2/r1'
2012-02-04T18:22:55 kioslave.upd: File 'kioslaverc' does not exist or empty, skipping
2012-02-04T18:22:55 kioslave.upd: Skipping update 'kde2.2/r1'
2012-02-04T18:22:55 kioslave.upd: File 'kioslaverc' does not exist or empty, skipping
2012-02-04T18:22:55 kioslave.upd: Found new update 'kde2.2/r2'
2012-02-04T18:22:55 kioslave.upd: File 'kioslaverc' does not exist or empty, skipping
2012-02-04T18:22:55 kioslave.upd: Found new update 'kde2.2/r3'
2012-02-04T18:22:55 kioslave.upd: File 'kioslaverc' does not exist or empty, skipping
2012-02-05T06:12:01 Checking update-file '/usr/share/apps/kconf_update/kopete-nameTracking.upd' for new updates
2012-02-05T06:12:01 kopete-nameTracking.upd: Found new update 'kopete0.9/r1'
2012-02-05T06:12:01 kopete-nameTracking.upd: Skipping update 'kopete0.9/r1'
2012-02-05T06:12:01 Checking update-file '/usr/share/apps/kconf_update/kwin_fsp_workarounds_1.upd' for new updates
2012-02-05T06:12:01 Checking update-file '/usr/share/apps/kconf_update/kwin_focus2.upd' for new updates
2012-02-05T06:12:01 Checking update-file '/usr/share/apps/kconf_update/ksmserver.upd' for new updates
2012-02-05T06:12:01 Checking update-file '/usr/share/apps/kconf_update/kwin_window_shortcuts.upd' for new updates
2012-02-05T06:12:01 Checking update-file '/usr/share/apps/kconf_update/kded.upd' for new updates
2012-02-05T06:12:01 Checking update-file '/usr/share/apps/kconf_update/kmail.upd' for new updates
2012-02-05T06:12:01 Checking update-file '/usr/share/apps/kconf_update/kopete-update_yahoo_server.upd' for new updates
2012-02-05T06:12:01 Checking update-file '/usr/share/apps/kconf_update/kopete-jabberpriorityaddition-kconf_update.upd' for new updates
2012-02-05T06:12:01 Checking update-file '/usr/share/apps/kconf_update/devicepreference.upd' for new updates
2012-02-05T06:12:01 Checking update-file '/usr/share/apps/kconf_update/plasma-to-plasmadesktop-shortcuts.upd' for new updates
2012-02-05T06:12:01 Checking update-file '/usr/share/apps/kconf_update/kopete-jabberproxytype-kconf_update.upd' for new updates
2012-02-05T06:12:01 Checking update-file '/usr/share/apps/kconf_update/kopete-pluginloader2.upd' for new updates
2012-02-05T06:12:01 Checking update-file '/usr/share/apps/kconf_update/kwin3_plugin.upd' for new updates
2012-02-05T06:12:01 Checking update-file '/usr/share/apps/kconf_update/klipper-kconfigxt.upd' for new updates
2012-02-05T06:12:01 Checking update-file '/usr/share/apps/kconf_update/kwin_focus1.upd' for new updates
2012-02-05T06:12:01 Checking update-file '/usr/share/apps/kconf_update/kcharselect.upd' for new updates
2012-02-05T06:12:01 Checking update-file '/usr/share/apps/kconf_update/kio_help.upd' for new updates
2012-02-05T06:12:01 Checking update-file '/usr/share/apps/kconf_update/kopete-initialstatus.upd' for new updates
2012-02-05T06:12:01 Checking update-file '/usr/share/apps/kconf_update/kopete-gaim_to_pidgin_style.upd' for new updates
2012-02-05T06:12:01 Checking update-file '/usr/share/apps/kconf_update/kcalcrc.upd' for new updates
2012-02-05T06:12:01 Checking update-file '/usr/share/apps/kconf_update/mailfilteragent.upd' for new updates
2012-02-05T06:12:01 Checking update-file '/usr/share/apps/kconf_update/ksslcertificatemanager.upd' for new updates
2012-02-05T06:12:01 Checking update-file '/usr/share/apps/kconf_update/favicons.upd' for new updates
2012-02-05T06:12:01 Checking update-file '/usr/share/apps/kconf_update/plasma-add-shortcut-to-menu.upd' for new updates
2012-02-05T06:12:01 plasma-add-shortcut-to-menu.upd: Found new update '4.1LauncherShortcut'
2012-02-05T06:12:01 plasma-add-shortcut-to-menu.upd:2:'Script=plasma-add-shortcut-to-menu-update': Script 'plasma-add-shortcut-to-menu-update' not found
2012-02-05T06:12:01 Checking update-file '/usr/share/apps/kconf_update/kwinsticky.upd' for new updates
2012-02-05T06:12:01 Checking update-file '/usr/share/apps/kconf_update/kaccel.upd' for new updates
2012-02-05T06:12:01 Checking update-file '/usr/share/apps/kconf_update/kcmdisplayrc.upd' for new updates
2012-02-05T06:12:01 Checking update-file '/usr/share/apps/kconf_update/amarok.upd' for new updates
2012-02-05T06:12:01 Checking update-file '/usr/share/apps/kconf_update/plasmarc-to-plasmadesktoprc.upd' for new updates
2012-02-05T06:12:01 Checking update-file '/usr/share/apps/kconf_update/kwin_update_tabbox_qml_settings.upd' for new updates
2012-02-05T06:12:01 Checking update-file '/usr/share/apps/kconf_update/kopete-pluginloader.upd' for new updates
2012-02-05T06:12:01 Checking update-file '/usr/share/apps/kconf_update/kwin_on_off.upd' for new updates
2012-02-05T06:12:01 Checking update-file '/usr/share/apps/kconf_update/kcmcddb-emailsettings.upd' for new updates
2012-02-05T06:12:01 Checking update-file '/usr/share/apps/kconf_update/kpgp.upd' for new updates
2012-02-05T06:12:01 Checking update-file '/usr/share/apps/kconf_update/kwinupdatewindowsettings.upd' for new updates
2012-02-05T06:12:01 Checking update-file '/usr/share/apps/kconf_update/krdb_libpathwipe.upd' for new updates
2012-02-05T06:12:01 Checking update-file '/usr/share/apps/kconf_update/kopete-account-kconf_update.upd' for new updates
2012-02-05T06:12:01 Checking update-file '/usr/share/apps/kconf_update/audiocd.upd' for new updates
2012-02-05T06:12:01 Checking update-file '/usr/share/apps/kconf_update/mouse_cursor_theme.upd' for new updates
2012-02-05T06:12:01 Checking update-file '/usr/share/apps/kconf_update/ksmserver_shortcuts.upd' for new updates
2012-02-05T06:12:01 Checking update-file '/usr/share/apps/kconf_update/mailtransports.upd' for new updates
2012-02-05T06:12:01 Checking update-file '/usr/share/apps/kconf_update/kwiniconify.upd' for new updates
2012-02-05T06:12:01 Checking update-file '/usr/share/apps/kconf_update/kwin_update_tabbox_settings.upd' for new updates
2012-02-05T06:12:01 Checking update-file '/usr/share/apps/kconf_update/kwin.upd' for new updates
2012-02-05T06:12:01 Checking update-file '/usr/share/apps/kconf_update/kcookiescfg.upd' for new updates
2012-02-05T06:12:01 Checking update-file '/usr/share/apps/kconf_update/kuriikwsfilter.upd' for new updates
2012-02-05T06:12:01 Checking update-file '/usr/share/apps/kconf_update/kwin_remove_effects.upd' for new updates
2012-02-05T06:12:01 Checking update-file '/usr/share/apps/kconf_update/kwin_remove_delay_focus.upd' for new updates
2012-02-05T06:12:01 Checking update-file '/usr/share/apps/kconf_update/kioslave.upd' for new updates
2012-02-05T06:12:01 kioslave.upd: Found new update 'kde2.2/r1'
2012-02-05T06:12:01 kioslave.upd: Skipping update 'kde2.2/r1'
2012-02-05T06:12:01 kioslave.upd: File 'kioslaverc' does not exist or empty, skipping
2012-02-05T06:12:01 Checking update-file '/usr/share/apps/kconf_update/kopete-update_icq_server.upd' for new updates
